#
# There is insufficient memory for the Java Runtime Environment to continue.
# Native memory allocation (mmap) failed to map 134217728 bytes for Failed to commit area from 0x0000000081c00000 to 0x0000000089c00000 of length 134217728.
# Possible reasons:
#   The system is out of physical RAM or swap space
#   The process is running with CompressedOops enabled, and the Java Heap may be blocking the growth of the native heap
# Possible solutions:
#   Reduce memory load on the system
#   Increase physical memory or swap space
#   Check if swap backing store is full
#   Decrease Java heap size (-Xmx/-Xms)
#   Decrease number of Java threads
#   Decrease Java thread stack sizes (-Xss)
#   Set larger code cache with -XX:ReservedCodeCacheSize=
# This output file may be truncated or incomplete.
#
#  Out of Memory Error (t:/workspace/open/src/hotspot/os/windows/os_windows.cpp:3264), pid=13480, tid=1564
#
# JRE version:  (12.0.2+10) (build )
# Java VM: Java HotSpot(TM) 64-Bit Server VM (12.0.2+10, mixed mode, aot, sharing, tiered, compressed oops, g1 gc, windows-amd64)
# No core dump will be written. Minidumps are not enabled by default on client versions of Windows
#

---------------  S U M M A R Y ------------

Command Line: -Dfile.encoding=Cp1252 business.Execute

Host: Intel(R) Core(TM) i7-3630QM CPU @ 2.40GHz, 8 cores, 7G,  Windows 10 , 64 bit Build 18362 (10.0.18362.329)
Time: Sun Sep 29 01:29:51 2019 SA Pacific Standard Time elapsed time: 0 seconds (0d 0h 0m 0s)

---------------  T H R E A D  ---------------

Current thread (0x000001d5eea06800):  JavaThread "Unknown thread" [_thread_in_vm, id=1564, stack(0x0000004099200000,0x0000004099300000)]

Stack: [0x0000004099200000,0x0000004099300000]
Native frames: (J=compiled Java code, j=interpreted, Vv=VM code, C=native code)
V  [jvm.dll+0x63aa2a]
V  [jvm.dll+0x78ce1e]
V  [jvm.dll+0x78e4c1]
V  [jvm.dll+0x78eb13]
V  [jvm.dll+0x2627e8]
V  [jvm.dll+0x637f5a]
V  [jvm.dll+0x62c845]
V  [jvm.dll+0x31e49c]
V  [jvm.dll+0x31e2cf]
V  [jvm.dll+0x324006]
V  [jvm.dll+0x371f56]
V  [jvm.dll+0x371720]
V  [jvm.dll+0x2f845a]
V  [jvm.dll+0x2f96d2]
V  [jvm.dll+0x767267]
V  [jvm.dll+0x7689f5]
V  [jvm.dll+0x380059]
V  [jvm.dll+0x74b794]
V  [jvm.dll+0x3ef5cd]
V  [jvm.dll+0x3f1471]
C  [jli.dll+0x51cf]
C  [ucrtbase.dll+0x1d9f2]
C  [KERNEL32.DLL+0x17bd4]
C  [ntdll.dll+0x6cee1]


---------------  P R O C E S S  ---------------

Threads class SMR info:
_java_thread_list=0x00007ffd93d97928, length=0, elements={
}

Java Threads: ( => current thread )

Other Threads:
  0x000001d5eea45000 GCTaskThread "GC Thread#0" [stack: 0x0000004099300000,0x0000004099400000] [id=6624]
  0x000001d5eea54800 ConcurrentGCThread "G1 Main Marker" [stack: 0x0000004099400000,0x0000004099500000] [id=3976]
  0x000001d5eea58000 ConcurrentGCThread "G1 Conc#0" [stack: 0x0000004099500000,0x0000004099600000] [id=13736]

[error occurred during error reporting (printing all threads), id 0xc0000005, EXCEPTION_ACCESS_VIOLATION (0xc0000005) at pc=0x00007ffd935c85e7]

VM state:not at safepoint (not fully initialized)

VM Mutex/Monitor currently owned by a thread:  ([mutex/lock_event])
[0x000001d5eea03400] Heap_lock - owner thread: 0x000001d5eea06800

Heap address: 0x0000000081c00000, size: 2020 MB, Compressed Oops mode: Non-zero based: 0x0000000081c00000
Narrow klass base: 0x0000000000000000, Narrow klass shift: 0

GC Heap History (0 events):
No events

Deoptimization events (0 events):
No events

Classes redefined (0 events):
No events

Internal exceptions (0 events):
No events

Events (0 events):
No events


Dynamic libraries:
0x00007ff6bd340000 - 0x00007ff6bd34f000 	C:\Program Files\Java\jdk-12.0.2\bin\javaw.exe
0x00007ffdd23e0000 - 0x00007ffdd25d0000 	C:\WINDOWS\SYSTEM32\ntdll.dll
0x00007ffdd2280000 - 0x00007ffdd2332000 	C:\WINDOWS\System32\KERNEL32.DLL
0x00007ffdd0010000 - 0x00007ffdd02b3000 	C:\WINDOWS\System32\KERNELBASE.dll
0x00007ffdcfee0000 - 0x00007ffdcffda000 	C:\WINDOWS\System32\ucrtbase.dll
0x00007ffdae7a0000 - 0x00007ffdae7b8000 	C:\Program Files\Java\jdk-12.0.2\bin\jli.dll
0x00007ffdae780000 - 0x00007ffdae796000 	C:\Program Files\Java\jdk-12.0.2\bin\VCRUNTIME140.dll
0x00007ffdd0970000 - 0x00007ffdd0a13000 	C:\WINDOWS\System32\ADVAPI32.dll
0x00007ffdd0e90000 - 0x00007ffdd0f2e000 	C:\WINDOWS\System32\msvcrt.dll
0x00007ffdd06b0000 - 0x00007ffdd0747000 	C:\WINDOWS\System32\sechost.dll
0x00007ffdd1df0000 - 0x00007ffdd1f10000 	C:\WINDOWS\System32\RPCRT4.dll
0x00007ffdd0750000 - 0x00007ffdd08e3000 	C:\WINDOWS\System32\USER32.dll
0x00007ffdcffe0000 - 0x00007ffdd0001000 	C:\WINDOWS\System32\win32u.dll
0x00007ffdd0510000 - 0x00007ffdd0536000 	C:\WINDOWS\System32\GDI32.dll
0x00007ffdc3980000 - 0x00007ffdc3c05000 	C:\WINDOWS\WinSxS\amd64_microsoft.windows.common-controls_6595b64144ccf1df_6.0.18362.356_none_e6c4af7d130f27cc\COMCTL32.dll
0x00007ffdd1f10000 - 0x00007ffdd2246000 	C:\WINDOWS\System32\combase.dll
0x00007ffdcf370000 - 0x00007ffdcf3f0000 	C:\WINDOWS\System32\bcryptPrimitives.dll
0x00007ffdcfb70000 - 0x00007ffdcfd04000 	C:\WINDOWS\System32\gdi32full.dll
0x00007ffdcfdc0000 - 0x00007ffdcfe5e000 	C:\WINDOWS\System32\msvcp_win.dll
0x00007ffdca4e0000 - 0x00007ffdca4ea000 	C:\WINDOWS\SYSTEM32\VERSION.dll
0x00007ffdd1510000 - 0x00007ffdd153e000 	C:\WINDOWS\System32\IMM32.DLL
0x00007ffd99bc0000 - 0x00007ffd99c6a000 	C:\Program Files\Java\jdk-12.0.2\bin\msvcp140.dll
0x00007ffd932c0000 - 0x00007ffd93e37000 	C:\Program Files\Java\jdk-12.0.2\bin\server\jvm.dll
0x00007ffdd1550000 - 0x00007ffdd1558000 	C:\WINDOWS\System32\PSAPI.DLL
0x00007ffdb4690000 - 0x00007ffdb4699000 	C:\WINDOWS\SYSTEM32\WSOCK32.dll
0x00007ffdd1430000 - 0x00007ffdd149f000 	C:\WINDOWS\System32\WS2_32.dll
0x00007ffdcbf70000 - 0x00007ffdcbf94000 	C:\WINDOWS\SYSTEM32\WINMM.dll
0x00007ffdcbf40000 - 0x00007ffdcbf6d000 	C:\WINDOWS\SYSTEM32\WINMMBASE.dll
0x00007ffdd0410000 - 0x00007ffdd045a000 	C:\WINDOWS\System32\cfgmgr32.dll
0x00007ffdcf300000 - 0x00007ffdcf311000 	C:\WINDOWS\System32\kernel.appcore.dll
0x00007ffdbb360000 - 0x00007ffdbb371000 	C:\Program Files\Java\jdk-12.0.2\bin\verify.dll
0x00007ffdb36e0000 - 0x00007ffdb38d4000 	C:\WINDOWS\SYSTEM32\DBGHELP.DLL
0x00007ffdb2680000 - 0x00007ffdb26aa000 	C:\WINDOWS\SYSTEM32\dbgcore.DLL
0x00007ffdaef90000 - 0x00007ffdaefb6000 	C:\Program Files\Java\jdk-12.0.2\bin\java.dll
0x00007ffdaef70000 - 0x00007ffdaef87000 	C:\Program Files\Java\jdk-12.0.2\bin\zip.dll
0x00007ffdc7ed0000 - 0x00007ffdc7eda000 	C:\Program Files\Java\jdk-12.0.2\bin\jimage.dll

dbghelp: loaded successfully - version: 4.0.5 - missing functions: none
symbol engine: initialized successfully - sym options: 0x614 - pdb path: .;C:\Program Files\Java\jdk-12.0.2\bin;C:\WINDOWS\SYSTEM32;C:\WINDOWS\WinSxS\amd64_microsoft.windows.common-controls_6595b64144ccf1df_6.0.18362.356_none_e6c4af7d130f27cc;C:\Program Files\Java\jdk-12.0.2\bin\server

VM Arguments:
jvm_args: -Dfile.encoding=Cp1252 
java_command: business.Execute
java_class_path (initial): C:\Users\SEBASTIAN\git\ProyectoED2019-3\ProyectoED\bin
Launcher Type: SUN_STANDARD

[Global flags]
     intx CICompilerCount                          = 4                                         {product} {ergonomic}
     uint ConcGCThreads                            = 2                                         {product} {ergonomic}
     uint G1ConcRefinementThreads                  = 8                                         {product} {ergonomic}
   size_t G1HeapRegionSize                         = 1048576                                   {product} {ergonomic}
    uintx GCDrainStackTargetSize                   = 64                                        {product} {ergonomic}
   size_t InitialHeapSize                          = 134217728                                 {product} {ergonomic}
   size_t MarkStackSize                            = 4194304                                   {product} {ergonomic}
   size_t MaxHeapSize                              = 2118123520                                {product} {ergonomic}
   size_t MinHeapDeltaBytes                        = 1048576                                   {product} {ergonomic}
    uintx NonNMethodCodeHeapSize                   = 5836300                                {pd product} {ergonomic}
    uintx NonProfiledCodeHeapSize                  = 122910970                              {pd product} {ergonomic}
    uintx ProfiledCodeHeapSize                     = 122910970                              {pd product} {ergonomic}
    uintx ReservedCodeCacheSize                    = 251658240                              {pd product} {ergonomic}
     bool SegmentedCodeCache                       = true                                      {product} {ergonomic}
     bool UseCompressedClassPointers               = true                                 {lp64_product} {ergonomic}
     bool UseCompressedOops                        = true                                 {lp64_product} {ergonomic}
     bool UseG1GC                                  = true                                      {product} {ergonomic}
     bool UseLargePagesIndividualAllocation        = false                                  {pd product} {ergonomic}

Logging:
Log output configuration:
 #0: stdout all=warning uptime,level,tags
 #1: stderr all=off uptime,level,tags

Environment Variables:
JAVA_HOME=C:\Program Files\Java\jdk-13
PATH=C:/Program Files/Java/jdk-12.0.2/bin/server;C:/Program Files/Java/jdk-12.0.2/bin;C:\app\SEBASTIAN\product\18.0.0\dbhomeXE\bin;C:\app\SEBASTIAN\product\12.2.0\dbhome_1\bin;C:\Program Files (x86)\Common Files\Oracle\Java\javapath;C:\WINDOWS\system32;C:\WINDOWS;C:\WINDOWS\System32\Wbem;C:\WINDOWS\System32\WindowsPowerShell\v1.0\;C:\WINDOWS\System32\OpenSSH\;C:\Program Files (x86)\NVIDIA Corporation\PhysX\Common;C:\WINDOWS\system32;C:\WINDOWS;C:\WINDOWS\System32\Wbem;C:\WINDOWS\System32\WindowsPowerShell\v1.0\;C:\WINDOWS\System32\OpenSSH\;C:\Program Files\MATLAB\R2019a\bin;C:\Program Files\Java\jdk-13\bin;C:\Program Files\Git\cmd;C:\Users\SEBASTIAN\AppData\Local\Microsoft\WindowsApps;;C:\WINDOWS\System32;
USERNAME=SEBASTIAN
OS=Windows_NT
PROCESSOR_IDENTIFIER=Intel64 Family 6 Model 58 Stepping 9, GenuineIntel



---------------  S Y S T E M  ---------------

OS: Windows 10 , 64 bit Build 18362 (10.0.18362.329)

CPU:total 8 (initial active 8) (4 cores per cpu, 2 threads per core) family 6 model 58 stepping 9, cmov, cx8, fxsr, mmx, sse, sse2, sse3, ssse3, sse4.1, sse4.2, popcnt, avx, aes, clmul, erms, ht, tsc, tscinvbit, tscinv

Memory: 4k page, system-wide physical 8077M (1521M free)
TotalPageFile size 16269M (AvailPageFile size 29M)
current process WorkingSet (physical memory assigned to process): 10M, peak: 10M
current process commit charge ("private bytes"): 60M, peak: 188M

vm_info: Java HotSpot(TM) 64-Bit Server VM (12.0.2+10) for windows-amd64 JRE (12.0.2+10), built on Jul 16 2019 01:56:17 by "mach5one" with MS VC++ 15.5 (VS2017)

END.
